
ROM used: 1027 (13%)
          1027 (13%) including unused fragments

          1 Average locations per line
          10 Average locations per statement

RAM used: 18 (5%) at main() level
          43 (12%) worst case

Stack used: 5 worst case (out of 8 total available)

Lines Stmts  %   Files
----- ----- ---  -----
   52    31  32  LCDX3.c
  425     0   0  ..\..\..\..\..\..\..\Program Files (x86)\PICC\devices\16F887.h
  348    67  68  ..\..\..\..\..\..\..\Program Files (x86)\PICC\drivers\lcd.c
----- -----
  825    98 Total

Page ROM  %  RAM   Vol Diff  Functions:
---- --- --- ---   --- ----  ----------
0     21   2   1             @delay_ms1
0      8   1   0             @const75
 Inline        3   587  6.0  lcd_read_byte
0      6   1   0    59  4.2  lcd_read_nibble
0     12   1   1   172  3.4  lcd_send_nibble
0     59   6   3   317  4.3  lcd_send_byte
0     48   5   2   624  5.8  lcd_init
0     18   2   4   186  5.5  lcd_gotoxy
0     37   4   1   272  4.1  lcd_putc
0    272  26  13   978  3.3  MAIN
0      1   0   0             @const103
0     70   7   3             @PSTRINGC7_92
0      7   1   0             @const105
0      5   0   0             @const106
0      1   0   0             @const107
0      4   0   0             @const108
0      2   0   0             @const109
0      5   0   0             @const110
0      1   0   0             @const111
0     31   3   2             @ITOF
0    117  11  13             @MULFF
 Inline        5             @FTOSD
0     66   6  13             @DIV3232
0    231  22  13             @PRINTF_L32D_92FPFPF
0      1   0   0             @const126

Program metrics:
    Functions               8
    Statements              98
    Comments                186
    Volume (V)              4808
    Difficilty (D)          33.4
    Effort to implement (E) 160478
    Time to implement (T)   2 hours, 29 minutes
    Est Delivered Bugs (B)  1
    Cyclomatic Complexity   7
    Maintainability (MI)    143

 Segment     Used  Free
-----------  ----  ----
00000-00003     4  0  
00004-007FF  1023  1021  
00800-00FFF     0  2048  
01000-017FF     0  2048  
01800-01FFF     0  2048  



